# JRE version: Java(TM) SE Runtime Environment (11.0+28) (build 11+28)
# Java VM: Java HotSpot(TM) 64-Bit Server VM (11+28, mixed mode, tiered, compressed oops, g1 gc, linux-amd64)
Heap:
 garbage-first heap   total 177152K, used 53862K [0x00000000c6800000, 0x0000000100000000)
  region size 1024K, 1 young (1024K), 1 survivors (1024K)
 Metaspace       used 26368K, capacity 27025K, committed 27264K, reserved 1073152K
  class space    used 2826K, capacity 3141K, committed 3200K, reserved 1048576K
GC Heap History (10 events):
Event: 334.834 GC heap after
{Heap after GC invocations=525 (full 0):
 garbage-first heap   total 91136K, used 53864K [0x00000000c6800000, 0x0000000100000000)
  region size 1024K, 1 young (1024K), 1 survivors (1024K)
 Metaspace       used 26368K, capacity 27025K, committed 27264K, reserved 1073152K
  class space    used 2826K, capacity 3141K, committed 3200K, reserved 1048576K
}
Event: 334.967 GC heap before
{Heap before GC invocations=526 (full 0):
 garbage-first heap   total 91136K, used 78440K [0x00000000c6800000, 0x0000000100000000)
  region size 1024K, 26 young (26624K), 1 survivors (1024K)
 Metaspace       used 26368K, capacity 27025K, committed 27264K, reserved 1073152K
  class space    used 2826K, capacity 3141K, committed 3200K, reserved 1048576K
}
Event: 334.974 GC heap after
{Heap after GC invocations=527 (full 0):
 garbage-first heap   total 91136K, used 53864K [0x00000000c6800000, 0x0000000100000000)
  region size 1024K, 1 young (1024K), 1 survivors (1024K)
 Metaspace       used 26368K, capacity 27025K, committed 27264K, reserved 1073152K
  class space    used 2826K, capacity 3141K, committed 3200K, reserved 1048576K
}
Event: 336.432 GC heap before
{Heap before GC invocations=527 (full 0):
 garbage-first heap   total 91136K, used 79464K [0x00000000c6800000, 0x0000000100000000)
  region size 1024K, 26 young (26624K), 1 survivors (1024K)
 Metaspace       used 26368K, capacity 27025K, committed 27264K, reserved 1073152K
  class space    used 2826K, capacity 3141K, committed 3200K, reserved 1048576K
}
Event: 336.440 GC heap after
{Heap after GC invocations=528 (full 0):
 garbage-first heap   total 91136K, used 53864K [0x00000000c6800000, 0x0000000100000000)
  region size 1024K, 1 young (1024K), 1 survivors (1024K)
 Metaspace       used 26368K, capacity 27025K, committed 27264K, reserved 1073152K
  class space    used 2826K, capacity 3141K, committed 3200K, reserved 1048576K
}
Event: 338.576 GC heap before
{Heap before GC invocations=529 (full 0):
 garbage-first heap   total 91136K, used 79464K [0x00000000c6800000, 0x0000000100000000)
  region size 1024K, 26 young (26624K), 1 survivors (1024K)
 Metaspace       used 26368K, capacity 27025K, committed 27264K, reserved 1073152K
  class space    used 2826K, capacity 3141K, committed 3200K, reserved 1048576K
}
Event: 338.580 GC heap after
{Heap after GC invocations=530 (full 0):
 garbage-first heap   total 91136K, used 53866K [0x00000000c6800000, 0x0000000100000000)
  region size 1024K, 1 young (1024K), 1 survivors (1024K)
 Metaspace       used 26368K, capacity 27025K, committed 27264K, reserved 1073152K
  class space    used 2826K, capacity 3141K, committed 3200K, reserved 1048576K
}
Event: 340.726 GC heap before
{Heap before GC invocations=530 (full 0):
 garbage-first heap   total 91136K, used 78442K [0x00000000c6800000, 0x0000000100000000)
  region size 1024K, 26 young (26624K), 1 survivors (1024K)
 Metaspace       used 26368K, capacity 27025K, committed 27264K, reserved 1073152K
  class space    used 2826K, capacity 3141K, committed 3200K, reserved 1048576K
}
Event: 340.733 GC heap after
{Heap after GC invocations=531 (full 0):
 garbage-first heap   total 91136K, used 53854K [0x00000000c6800000, 0x0000000100000000)
  region size 1024K, 1 young (1024K), 1 survivors (1024K)
 Metaspace       used 26368K, capacity 27025K, committed 27264K, reserved 1073152K
  class space    used 2826K, capacity 3141K, committed 3200K, reserved 1048576K
}
Event: 342.893 GC heap before
{Heap before GC invocations=532 (full 0):
 garbage-first heap   total 91136K, used 79454K [0x00000000c6800000, 0x0000000100000000)
  region size 1024K, 26 young (26624K), 1 survivors (1024K)
 Metaspace       used 26368K, capacity 27025K, committed 27264K, reserved 1073152K
  class space    used 2826K, capacity 3141K, committed 3200K, reserved 1048576K
}

